2019-01-29 22:16:01,930 attempting to initalize lb
2019-01-29 22:16:02,364 attempting to generate clip
2019-01-29 22:16:02,364 attempting to download content
2019-01-29 22:16:02,590 Downloading videos...
2019-01-29 22:18:35,699 starting run of litter bug script...
2019-01-29 22:18:35,699 attempting to run litter bug as subprocess
2019-01-29 22:18:35,743 attempting to run litter bug as subprocess
2019-01-29 22:18:35,774 attempting to run litter bug as subprocess
2019-01-29 22:18:35,806 attempting to run litter bug as subprocess
2019-01-29 22:18:35,837 attempting to run litter bug as subprocess
2019-01-29 22:18:35,868 attempting to run litter bug as subprocess
2019-01-29 22:18:35,899 attempting to run litter bug as subprocess
2019-01-29 22:18:35,932 attempting to run litter bug as subprocess
2019-01-29 22:18:35,963 attempting to run litter bug as subprocess
2019-01-29 22:18:35,994 attempting to run litter bug as subprocess
2019-01-29 22:18:36,025 attempting to run litter bug as subprocess
2019-01-29 22:18:36,057 attempting to run litter bug as subprocess
2019-01-29 22:18:36,110 attempting to run litter bug as subprocess
2019-01-29 22:18:36,159 attempting to run litter bug as subprocess
2019-01-29 22:18:36,214 attempting to run litter bug as subprocess
2019-01-29 22:18:36,273 attempting to run litter bug as subprocess
2019-01-29 22:18:36,330 attempting to run litter bug as subprocess
2019-01-29 22:18:36,389 attempting to run litter bug as subprocess
2019-01-29 22:18:36,464 attempting to run litter bug as subprocess
2019-01-29 22:18:36,517 attempting to run litter bug as subprocess
2019-01-29 22:18:36,571 attempting to run litter bug as subprocess
2019-01-29 22:18:36,613 attempting to run litter bug as subprocess
2019-01-29 22:18:36,652 attempting to run litter bug as subprocess
2019-01-29 22:18:36,697 attempting to run litter bug as subprocess
2019-01-29 22:18:36,732 attempting to run litter bug as subprocess
2019-01-29 22:18:36,770 attempting to run litter bug as subprocess
2019-01-29 22:18:36,804 attempting to run litter bug as subprocess
2019-01-29 22:18:36,846 attempting to run litter bug as subprocess
2019-01-29 22:18:36,883 attempting to run litter bug as subprocess
2019-01-29 22:18:36,915 attempting to run litter bug as subprocess
2019-01-29 22:18:36,950 attempting to run litter bug as subprocess
2019-01-29 22:18:36,980 attempting to run litter bug as subprocess
2019-01-29 22:18:37,012 attempting to run litter bug as subprocess
2019-01-29 22:18:37,042 attempting to run litter bug as subprocess
2019-01-29 22:18:37,073 attempting to run litter bug as subprocess
2019-01-29 22:18:37,104 attempting to run litter bug as subprocess
2019-01-29 22:18:37,135 attempting to run litter bug as subprocess
2019-01-29 22:18:37,166 attempting to run litter bug as subprocess
2019-01-29 22:18:37,198 attempting to run litter bug as subprocess
2019-01-29 22:18:37,228 attempting to run litter bug as subprocess
2019-01-29 22:18:37,260 attempting to run litter bug as subprocess
2019-01-29 22:18:37,290 attempting to run litter bug as subprocess
2019-01-29 22:18:37,321 attempting to run litter bug as subprocess
2019-01-29 22:18:37,352 attempting to run litter bug as subprocess
2019-01-29 22:18:37,383 attempting to run litter bug as subprocess
2019-01-29 22:18:37,413 attempting to run litter bug as subprocess
2019-01-29 22:18:37,446 attempting to run litter bug as subprocess
2019-01-29 22:18:37,477 attempting to run litter bug as subprocess
2019-01-29 22:18:37,507 attempting to run litter bug as subprocess
2019-01-29 22:18:37,538 attempting to run litter bug as subprocess
2019-01-29 22:18:37,568 attempting to run litter bug as subprocess
2019-01-29 22:18:37,599 attempting to run litter bug as subprocess
2019-01-29 22:18:37,630 attempting to run litter bug as subprocess
2019-01-29 22:18:37,661 attempting to run litter bug as subprocess
2019-01-29 22:18:37,693 attempting to run litter bug as subprocess
2019-01-29 22:18:37,725 attempting to run litter bug as subprocess
2019-01-29 22:18:37,755 attempting to run litter bug as subprocess
2019-01-29 22:18:37,786 attempting to run litter bug as subprocess
2019-01-29 22:18:37,817 attempting to run litter bug as subprocess
2019-01-29 22:18:37,851 attempting to run litter bug as subprocess
2019-01-29 22:18:37,885 attempting to run litter bug as subprocess
2019-01-29 22:18:37,920 attempting to run litter bug as subprocess
2019-01-29 22:18:37,959 attempting to run litter bug as subprocess
2019-01-29 22:18:37,991 attempting to run litter bug as subprocess
2019-01-29 22:18:38,024 attempting to run litter bug as subprocess
2019-01-29 22:18:38,058 attempting to run litter bug as subprocess
2019-01-29 22:18:38,097 attempting to run litter bug as subprocess
2019-01-29 22:18:38,133 attempting to run litter bug as subprocess
2019-01-29 22:18:38,167 attempting to run litter bug as subprocess
2019-01-29 22:18:38,203 attempting to run litter bug as subprocess
2019-01-29 22:18:38,237 attempting to run litter bug as subprocess
2019-01-29 22:18:38,272 attempting to run litter bug as subprocess
2019-01-29 22:18:38,306 attempting to run litter bug as subprocess
2019-01-29 22:18:38,340 attempting to run litter bug as subprocess
2019-01-29 22:18:38,373 attempting to run litter bug as subprocess
2019-01-29 22:18:38,404 attempting to run litter bug as subprocess
2019-01-29 22:18:38,437 attempting to run litter bug as subprocess
2019-01-29 22:18:38,468 attempting to run litter bug as subprocess
2019-01-29 22:18:38,498 attempting to run litter bug as subprocess
2019-01-29 22:18:38,529 attempting to run litter bug as subprocess
2019-01-29 22:18:38,561 attempting to run litter bug as subprocess
2019-01-29 22:18:38,591 attempting to run litter bug as subprocess
2019-01-29 22:18:38,621 attempting to run litter bug as subprocess
2019-01-29 22:18:38,652 attempting to run litter bug as subprocess
2019-01-29 22:18:38,684 attempting to run litter bug as subprocess
2019-01-29 22:18:38,715 attempting to run litter bug as subprocess
2019-01-29 22:18:38,746 attempting to run litter bug as subprocess
2019-01-29 22:18:38,776 attempting to run litter bug as subprocess
2019-01-29 22:18:38,806 attempting to run litter bug as subprocess
2019-01-29 22:18:38,836 attempting to run litter bug as subprocess
2019-01-29 22:18:38,867 attempting to run litter bug as subprocess
2019-01-29 22:18:38,898 attempting to run litter bug as subprocess
2019-01-29 22:18:38,929 attempting to run litter bug as subprocess
2019-01-29 22:18:38,963 attempting to run litter bug as subprocess
2019-01-29 22:18:38,993 attempting to run litter bug as subprocess
2019-01-29 22:18:39,025 attempting to run litter bug as subprocess
2019-01-29 22:18:39,055 attempting to run litter bug as subprocess
2019-01-29 22:18:39,086 attempting to run litter bug as subprocess
2019-01-29 22:18:39,116 attempting to run litter bug as subprocess
2019-01-29 22:18:39,146 attempting to run litter bug as subprocess
2019-01-29 22:18:39,179 attempting to run litter bug as subprocess
2019-01-29 22:18:39,210 attempting to run litter bug as subprocess
2019-01-29 22:18:39,240 attempting to run litter bug as subprocess
2019-01-29 22:18:39,271 attempting to run litter bug as subprocess
2019-01-29 22:18:39,301 attempting to run litter bug as subprocess
2019-01-29 22:18:39,332 attempting to run litter bug as subprocess
2019-01-29 22:18:39,363 attempting to run litter bug as subprocess
2019-01-29 22:18:39,393 attempting to run litter bug as subprocess
2019-01-29 22:18:39,424 attempting to run litter bug as subprocess
2019-01-29 22:18:39,457 attempting to run litter bug as subprocess
2019-01-29 22:18:39,487 attempting to run litter bug as subprocess
2019-01-29 22:18:39,518 attempting to run litter bug as subprocess
2019-01-29 22:18:39,551 attempting to run litter bug as subprocess
2019-01-29 22:18:39,584 attempting to run litter bug as subprocess
2019-01-29 22:18:39,616 attempting to run litter bug as subprocess
2019-01-29 22:18:39,649 attempting to run litter bug as subprocess
2019-01-29 22:18:39,682 attempting to run litter bug as subprocess
2019-01-29 22:18:39,713 attempting to run litter bug as subprocess
2019-01-29 22:18:39,744 attempting to run litter bug as subprocess
2019-01-29 22:18:39,775 attempting to run litter bug as subprocess
2019-01-29 22:18:39,806 attempting to run litter bug as subprocess
2019-01-29 22:18:39,837 attempting to run litter bug as subprocess
2019-01-29 22:18:39,869 attempting to run litter bug as subprocess
2019-01-29 22:18:39,901 attempting to run litter bug as subprocess
2019-01-29 22:18:39,932 attempting to run litter bug as subprocess
2019-01-29 22:18:39,972 attempting to run litter bug as subprocess
2019-01-29 22:18:40,004 attempting to run litter bug as subprocess
2019-01-29 22:18:40,037 attempting to run litter bug as subprocess
2019-01-29 22:18:40,070 attempting to run litter bug as subprocess
2019-01-29 22:18:40,104 attempting to run litter bug as subprocess
2019-01-29 22:18:40,136 attempting to run litter bug as subprocess
2019-01-29 22:18:40,168 attempting to run litter bug as subprocess
2019-01-29 22:18:40,202 attempting to run litter bug as subprocess
2019-01-29 22:18:40,235 attempting to run litter bug as subprocess
2019-01-29 22:18:40,266 attempting to run litter bug as subprocess
2019-01-29 22:18:40,300 attempting to run litter bug as subprocess
2019-01-29 22:18:40,333 attempting to run litter bug as subprocess
2019-01-29 22:18:40,366 attempting to run litter bug as subprocess
2019-01-29 22:18:40,398 attempting to run litter bug as subprocess
2019-01-29 22:18:40,429 attempting to run litter bug as subprocess
2019-01-29 22:18:40,463 attempting to run litter bug as subprocess
2019-01-29 22:18:40,496 attempting to run litter bug as subprocess
2019-01-29 22:18:40,528 attempting to run litter bug as subprocess
2019-01-29 22:18:40,561 attempting to run litter bug as subprocess
2019-01-29 22:18:40,594 attempting to run litter bug as subprocess
